2020-08-14 15:02:40.239 [SpringContextShutdownHook] [:] WARN  org.springframework.beans.factory.support.DisposableBeanAdapter - Invocation of destroy method failed on bean with name 'dataSource': java.lang.IllegalArgumentException: object is not an instance of declaring class 
2020-08-14 15:06:35.716 [SpringContextShutdownHook] [:] WARN  org.springframework.beans.factory.support.DisposableBeanAdapter - Invocation of destroy method failed on bean with name 'dataSource': java.lang.IllegalArgumentException: object is not an instance of declaring class 
2020-08-14 15:52:53.866 [SpringContextShutdownHook] [:] WARN  org.springframework.beans.factory.support.DisposableBeanAdapter - Invocation of destroy method failed on bean with name 'dataSource': java.lang.IllegalArgumentException: object is not an instance of declaring class 
2020-08-14 15:57:04.203 [http-nio-8080-exec-1] [:] WARN  io.seata.common.loader.EnhancedServiceLoader - load [io.seata.rm.datasource.undo.parser.ProtostuffUndoLogParser] class fail. io/protostuff/runtime/RuntimeEnv 
2020-08-14 16:02:51.934 [SpringContextShutdownHook] [:] WARN  org.springframework.beans.factory.support.DisposableBeanAdapter - Invocation of destroy method failed on bean with name 'dataSource': java.lang.IllegalArgumentException: object is not an instance of declaring class 
2020-08-14 16:03:26.591 [http-nio-8080-exec-1] [:] WARN  io.seata.common.loader.EnhancedServiceLoader - load [io.seata.rm.datasource.undo.parser.ProtostuffUndoLogParser] class fail. io/protostuff/runtime/RuntimeEnv 
2020-08-14 16:05:19.534 [SpringContextShutdownHook] [:] WARN  org.springframework.beans.factory.support.DisposableBeanAdapter - Invocation of destroy method failed on bean with name 'dataSource': java.lang.IllegalArgumentException: object is not an instance of declaring class 
2020-08-14 16:05:51.482 [http-nio-8080-exec-1] [:] WARN  io.seata.common.loader.EnhancedServiceLoader - load [io.seata.rm.datasource.undo.parser.ProtostuffUndoLogParser] class fail. io/protostuff/runtime/RuntimeEnv 
2020-08-14 16:06:21.374 [SpringContextShutdownHook] [:] WARN  org.springframework.beans.factory.support.DisposableBeanAdapter - Invocation of destroy method failed on bean with name 'dataSource': java.lang.IllegalArgumentException: object is not an instance of declaring class 
2020-08-14 16:06:36.664 [http-nio-8080-exec-1] [:] WARN  io.seata.common.loader.EnhancedServiceLoader - load [io.seata.rm.datasource.undo.parser.ProtostuffUndoLogParser] class fail. io/protostuff/runtime/RuntimeEnv 
2020-08-14 16:11:09.397 [SpringContextShutdownHook] [:] WARN  org.springframework.beans.factory.support.DisposableBeanAdapter - Invocation of destroy method failed on bean with name 'dataSource': java.lang.IllegalArgumentException: object is not an instance of declaring class 
2020-08-14 16:11:52.454 [SpringContextShutdownHook] [:] WARN  org.springframework.beans.factory.support.DisposableBeanAdapter - Invocation of destroy method failed on bean with name 'dataSource': java.lang.IllegalArgumentException: object is not an instance of declaring class 
2020-08-14 16:12:09.056 [http-nio-8080-exec-1] [:] WARN  io.seata.common.loader.EnhancedServiceLoader - load [io.seata.rm.datasource.undo.parser.ProtostuffUndoLogParser] class fail. io/protostuff/runtime/RuntimeEnv 
2020-08-14 16:13:18.654 [SpringContextShutdownHook] [:] WARN  org.springframework.beans.factory.support.DisposableBeanAdapter - Invocation of destroy method failed on bean with name 'dataSource': java.lang.IllegalArgumentException: object is not an instance of declaring class 
2020-08-14 16:14:59.622 [http-nio-8080-exec-5] [:] WARN  io.seata.common.loader.EnhancedServiceLoader - load [io.seata.rm.datasource.undo.parser.ProtostuffUndoLogParser] class fail. io/protostuff/runtime/RuntimeEnv 
2020-08-14 16:15:45.368 [SpringContextShutdownHook] [:] WARN  org.springframework.beans.factory.support.DisposableBeanAdapter - Invocation of destroy method failed on bean with name 'dataSource': java.lang.IllegalArgumentException: object is not an instance of declaring class 
2020-08-14 16:18:40.308 [SpringContextShutdownHook] [:] WARN  org.springframework.beans.factory.support.DisposableBeanAdapter - Invocation of destroy method failed on bean with name 'dataSource': java.lang.IllegalArgumentException: object is not an instance of declaring class 
2020-08-14 16:19:14.931 [http-nio-8080-exec-1] [:] WARN  io.seata.common.loader.EnhancedServiceLoader - load [io.seata.rm.datasource.undo.parser.ProtostuffUndoLogParser] class fail. io/protostuff/runtime/RuntimeEnv 
2020-08-14 16:34:12.252 [SpringContextShutdownHook] [:] WARN  org.springframework.beans.factory.support.DisposableBeanAdapter - Invocation of destroy method failed on bean with name 'dataSource': java.lang.IllegalArgumentException: object is not an instance of declaring class 
2020-08-14 16:37:14.929 [SpringContextShutdownHook] [:] WARN  org.springframework.beans.factory.support.DisposableBeanAdapter - Invocation of destroy method failed on bean with name 'dataSource': java.lang.IllegalArgumentException: object is not an instance of declaring class 
2020-08-14 16:44:59.816 [SpringContextShutdownHook] [:] WARN  org.springframework.beans.factory.support.DisposableBeanAdapter - Invocation of destroy method failed on bean with name 'dataSource': java.lang.IllegalArgumentException: object is not an instance of declaring class 
2020-08-14 16:45:12.838 [main] [:] WARN  org.springframework.boot.web.servlet.context.AnnotationConfigServletWebServerApplicationContext - Exception encountered during context initialization - cancelling refresh attempt: org.springframework.beans.factory.BeanCreationException: Error creating bean with name 'homeController': Injection of resource dependencies failed; nested exception is org.springframework.beans.factory.NoSuchBeanDefinitionException: No qualifying bean of type 'org.springframework.web.client.RestTemplate' available: expected at least 1 bean which qualifies as autowire candidate. Dependency annotations: {@javax.annotation.Resource(shareable=true, lookup="", name="", description="", authenticationType=CONTAINER, type=java.lang.Object.class, mappedName="")} 
2020-08-14 16:45:12.841 [main] [:] WARN  org.springframework.beans.factory.support.DisposableBeanAdapter - Invocation of destroy method failed on bean with name 'dataSource': java.lang.IllegalArgumentException: object is not an instance of declaring class 
2020-08-14 16:48:22.907 [SpringContextShutdownHook] [:] WARN  org.springframework.beans.factory.support.DisposableBeanAdapter - Invocation of destroy method failed on bean with name 'dataSource': java.lang.IllegalArgumentException: object is not an instance of declaring class 
2020-08-14 16:55:25.153 [SpringContextShutdownHook] [:] WARN  org.springframework.beans.factory.support.DisposableBeanAdapter - Invocation of destroy method failed on bean with name 'dataSource': java.lang.IllegalArgumentException: object is not an instance of declaring class 
2020-08-14 16:55:48.495 [http-nio-8080-exec-2] [AbstractHandlerExceptionResolver.java:199] WARN  org.springframework.web.servlet.mvc.support.DefaultHandlerExceptionResolver - Resolved [org.springframework.web.HttpRequestMethodNotSupportedException: Request method 'POST' not supported] 
2020-08-14 16:59:46.417 [SpringContextShutdownHook] [:] WARN  org.springframework.beans.factory.support.DisposableBeanAdapter - Invocation of destroy method failed on bean with name 'dataSource': java.lang.IllegalArgumentException: object is not an instance of declaring class 
2020-08-14 17:00:02.882 [http-nio-8080-exec-1] [:] WARN  io.seata.common.loader.EnhancedServiceLoader - load [io.seata.rm.datasource.undo.parser.ProtostuffUndoLogParser] class fail. io/protostuff/runtime/RuntimeEnv 
2020-08-14 17:04:21.482 [SpringContextShutdownHook] [:] WARN  org.springframework.beans.factory.support.DisposableBeanAdapter - Invocation of destroy method failed on bean with name 'dataSource': java.lang.IllegalArgumentException: object is not an instance of declaring class 
2020-08-14 17:04:54.666 [http-nio-8080-exec-3] [:] WARN  io.seata.common.loader.EnhancedServiceLoader - load [io.seata.rm.datasource.undo.parser.ProtostuffUndoLogParser] class fail. io/protostuff/runtime/RuntimeEnv 
2020-08-14 17:08:05.762 [SpringContextShutdownHook] [:] WARN  org.springframework.beans.factory.support.DisposableBeanAdapter - Invocation of destroy method failed on bean with name 'dataSource': java.lang.IllegalArgumentException: object is not an instance of declaring class 
2020-08-14 17:14:12.283 [http-nio-8080-exec-3] [:] WARN  io.seata.common.loader.EnhancedServiceLoader - load [io.seata.rm.datasource.undo.parser.ProtostuffUndoLogParser] class fail. io/protostuff/runtime/RuntimeEnv 
